#
# There is insufficient memory for the Java Runtime Environment to continue.
# Native memory allocation (mmap) failed to map 134217728 bytes for G1 virtual space
# Possible reasons:
#   The system is out of physical RAM or swap space
#   The process is running with CompressedOops enabled, and the Java Heap may be blocking the growth of the native heap
# Possible solutions:
#   Reduce memory load on the system
#   Increase physical memory or swap space
#   Check if swap backing store is full
#   Decrease Java heap size (-Xmx/-Xms)
#   Decrease number of Java threads
#   Decrease Java thread stack sizes (-Xss)
#   Set larger code cache with -XX:ReservedCodeCacheSize=
#   JVM is running with Unscaled Compressed Oops mode in which the Java heap is
#     placed in the first 4GB address space. The Java Heap base address is the
#     maximum limit for the native heap growth. Please use -XX:HeapBaseMinAddress
#     to set the Java Heap base and to place the Java Heap above 4GB virtual address.
# This output file may be truncated or incomplete.
#
#  Out of Memory Error (os_windows.cpp:3559), pid=18416, tid=17984
#
# JRE version:  (17.0.7+7) (build )
# Java VM: OpenJDK 64-Bit Server VM (17.0.7+7-LTS, mixed mode, sharing, tiered, compressed oops, compressed class ptrs, g1 gc, windows-amd64)
# No core dump will be written. Minidumps are not enabled by default on client versions of Windows
#

---------------  S U M M A R Y ------------

Command Line: -XX:+ShowCodeDetailsInExceptionMessages -agentlib:jdwp=transport=dt_socket,suspend=y,address=localhost:49194 -javaagent:C:\Users\user\eclipse\jee-2023-06\eclipse\configuration\org.eclipse.osgi\430\0\.cp\lib\javaagent-shaded.jar -Dfile.encoding=UTF-8 day05.Ex02_account

Host: Intel(R) Core(TM) i5-4570 CPU @ 3.20GHz, 4 cores, 7G,  Windows 10 , 64 bit Build 19041 (10.0.19041.3031)
Time: Thu Jun 22 17:57:45 2023  Windows 10 , 64 bit Build 19041 (10.0.19041.3031) elapsed time: 0.009741 seconds (0d 0h 0m 0s)

---------------  T H R E A D  ---------------

Current thread (0x0000014f3e9f1e70):  JavaThread "Unknown thread" [_thread_in_vm, id=17984, stack(0x00000047bac00000,0x00000047bad00000)]

Stack: [0x00000047bac00000,0x00000047bad00000]
Native frames: (J=compiled Java code, j=interpreted, Vv=VM code, C=native code)
V  [jvm.dll+0x64b53a]
V  [jvm.dll+0x7fef54]
V  [jvm.dll+0x80070e]
V  [jvm.dll+0x800d63]
V  [jvm.dll+0x236a2b]
V  [jvm.dll+0x64843a]
V  [jvm.dll+0x63ce8a]
V  [jvm.dll+0x2f5629]
V  [jvm.dll+0x2fc826]
V  [jvm.dll+0x348eea]
V  [jvm.dll+0x34912f]
V  [jvm.dll+0x2cb9a8]
V  [jvm.dll+0x2cc939]
V  [jvm.dll+0x7d2cd1]
V  [jvm.dll+0x3563c1]
V  [jvm.dll+0x7b32ae]
V  [jvm.dll+0x3d38d3]
V  [jvm.dll+0x3d52c1]
C  [jli.dll+0x51bf]
C  [ucrtbase.dll+0x21bb2]
C  [KERNEL32.DLL+0x17614]
C  [ntdll.dll+0x526f1]


---------------  P R O C E S S  ---------------

Threads class SMR info:
_java_thread_list=0x00007ffa33f1c858, length=0, elements={
}

Java Threads: ( => current thread )

Other Threads:
  0x0000014f3ea4bbb0 GCTaskThread "GC Thread#0" [stack: 0x00000047bad00000,0x00000047bae00000] [id=17952]
  0x0000014f3ea5d0b0 ConcurrentGCThread "G1 Main Marker" [stack: 0x00000047bae00000,0x00000047baf00000] [id=17920]
  0x0000014f3ea5dac0 ConcurrentGCThread "G1 Conc#0" [stack: 0x00000047baf00000,0x00000047bb000000] [id=17692]

[error occurred during error reporting (printing all threads), id 0xc0000005, EXCEPTION_ACCESS_VIOLATION (0xc0000005) at pc=0x00007ffa3370cc47]

VM state: not at safepoint (not fully initialized)

VM Mutex/Monitor currently owned by a thread:  ([mutex/lock_event])
[0x0000014f3e9ed250] Heap_lock - owner thread: 0x0000014f3e9f1e70

Heap address: 0x0000000081400000, size: 2028 MB, Compressed Oops mode: 32-bit

CDS archive(s) mapped at: [0x0000000000000000-0x0000000000000000-0x0000000000000000), size 0, SharedBaseAddress: 0x0000000800000000, ArchiveRelocationMode: 0.
Narrow klass base: 0x0000000000000000, Narrow klass shift: 0, Narrow klass range: 0x0

GC Precious Log:
<Empty>

Heap:
 garbage-first heap   total 0K, used 0K [0x0000000081400000, 0x0000000100000000)
  region size 1024K, 0 young (0K), 0 survivors (0K)

[error occurred during error reporting (printing heap information), id 0xc0000005, EXCEPTION_ACCESS_VIOLATION (0xc0000005) at pc=0x00007ffa33ad3419]

GC Heap History (0 events):
No events

Dll operation events (1 events):
Event: 0.007 Loaded shared library C:\Program Files\Amazon Corretto\jdk17.0.7_7\bin\java.dll

Deoptimization events (0 events):
No events

Classes unloaded (0 events):
No events

Classes redefined (0 events):
No events

Internal exceptions (0 events):
No events

VM Operations (0 events):
No events

Events (0 events):
No events


Dynamic libraries:
0x00007ff641270000 - 0x00007ff64127d000 	C:\Program Files\Amazon Corretto\jdk17.0.7_7\bin\javaw.exe
0x00007ffa6de70000 - 0x00007ffa6e068000 	C:\Windows\SYSTEM32\ntdll.dll
0x00007ffa6dbc0000 - 0x00007ffa6dc7f000 	C:\Windows\System32\KERNEL32.DLL
0x00007ffa6b9b0000 - 0x00007ffa6bca6000 	C:\Windows\System32\KERNELBASE.dll
0x00007ffa6b780000 - 0x00007ffa6b880000 	C:\Windows\System32\ucrtbase.dll
0x00007ffa364e0000 - 0x00007ffa364f5000 	C:\Program Files\Amazon Corretto\jdk17.0.7_7\bin\VCRUNTIME140.dll
0x00007ffa61e20000 - 0x00007ffa61e37000 	C:\Program Files\Amazon Corretto\jdk17.0.7_7\bin\jli.dll
0x00007ffa6d750000 - 0x00007ffa6d8ed000 	C:\Windows\System32\USER32.dll
0x00007ffa6bea0000 - 0x00007ffa6bec2000 	C:\Windows\System32\win32u.dll
0x00007ffa58100000 - 0x00007ffa5839a000 	C:\Windows\WinSxS\amd64_microsoft.windows.common-controls_6595b64144ccf1df_6.0.19041.1110_none_60b5254171f9507e\COMCTL32.dll
0x00007ffa6d6b0000 - 0x00007ffa6d74e000 	C:\Windows\System32\msvcrt.dll
0x00007ffa6d1e0000 - 0x00007ffa6d20c000 	C:\Windows\System32\GDI32.dll
0x00007ffa6b660000 - 0x00007ffa6b775000 	C:\Windows\System32\gdi32full.dll
0x00007ffa6b550000 - 0x00007ffa6b5ed000 	C:\Windows\System32\msvcp_win.dll
0x00007ffa6bfe0000 - 0x00007ffa6c010000 	C:\Windows\System32\IMM32.DLL
0x00007ffa60d60000 - 0x00007ffa60dfb000 	C:\Program Files\Amazon Corretto\jdk17.0.7_7\bin\msvcp140.dll
0x00007ffa33430000 - 0x00007ffa3404a000 	C:\Program Files\Amazon Corretto\jdk17.0.7_7\bin\server\jvm.dll
0x00007ffa6d210000 - 0x00007ffa6d2bf000 	C:\Windows\System32\ADVAPI32.dll
0x00007ffa6d0c0000 - 0x00007ffa6d15c000 	C:\Windows\System32\sechost.dll
0x00007ffa6d390000 - 0x00007ffa6d4b6000 	C:\Windows\System32\RPCRT4.dll
0x00007ffa51d70000 - 0x00007ffa51d79000 	C:\Windows\SYSTEM32\WSOCK32.dll
0x00007ffa6d2c0000 - 0x00007ffa6d32b000 	C:\Windows\System32\WS2_32.dll
0x00007ffa5b610000 - 0x00007ffa5b637000 	C:\Windows\SYSTEM32\WINMM.dll
0x00007ffa619f0000 - 0x00007ffa619fa000 	C:\Windows\SYSTEM32\VERSION.dll
0x00007ffa69420000 - 0x00007ffa69432000 	C:\Windows\SYSTEM32\kernel.appcore.dll
0x00007ffa51c70000 - 0x00007ffa51c7a000 	C:\Program Files\Amazon Corretto\jdk17.0.7_7\bin\jimage.dll
0x00007ffa5c240000 - 0x00007ffa5c424000 	C:\Windows\SYSTEM32\DBGHELP.DLL
0x00007ffa5c200000 - 0x00007ffa5c234000 	C:\Windows\SYSTEM32\dbgcore.DLL
0x00007ffa6bcb0000 - 0x00007ffa6bd32000 	C:\Windows\System32\bcryptPrimitives.dll
0x00007ffa61b30000 - 0x00007ffa61b69000 	C:\Program Files\Amazon Corretto\jdk17.0.7_7\bin\jdwp.dll
0x00007ffa63120000 - 0x00007ffa6312e000 	C:\Program Files\Amazon Corretto\jdk17.0.7_7\bin\instrument.dll
0x00007ffa364b0000 - 0x00007ffa364d5000 	C:\Program Files\Amazon Corretto\jdk17.0.7_7\bin\java.dll

dbghelp: loaded successfully - version: 4.0.5 - missing functions: none
symbol engine: initialized successfully - sym options: 0x614 - pdb path: .;C:\Program Files\Amazon Corretto\jdk17.0.7_7\bin;C:\Windows\SYSTEM32;C:\Windows\WinSxS\amd64_microsoft.windows.common-controls_6595b64144ccf1df_6.0.19041.1110_none_60b5254171f9507e;C:\Program Files\Amazon Corretto\jdk17.0.7_7\bin\server

VM Arguments:
jvm_args: -XX:+ShowCodeDetailsInExceptionMessages -agentlib:jdwp=transport=dt_socket,suspend=y,address=localhost:49194 -javaagent:C:\Users\user\eclipse\jee-2023-06\eclipse\configuration\org.eclipse.osgi\430\0\.cp\lib\javaagent-shaded.jar -Dfile.encoding=UTF-8 
java_command: day05.Ex02_account
java_class_path (initial): C:\데이터\자바\java_project\bin
Launcher Type: SUN_STANDARD

[Global flags]
     intx CICompilerCount                          = 3                                         {product} {ergonomic}
     uint ConcGCThreads                            = 1                                         {product} {ergonomic}
     uint G1ConcRefinementThreads                  = 4                                         {product} {ergonomic}
   size_t G1HeapRegionSize                         = 1048576                                   {product} {ergonomic}
    uintx GCDrainStackTargetSize                   = 64                                        {product} {ergonomic}
   size_t InitialHeapSize                          = 134217728                                 {product} {ergonomic}
   size_t MarkStackSize                            = 4194304                                   {product} {ergonomic}
   size_t MaxHeapSize                              = 2126512128                                {product} {ergonomic}
   size_t MinHeapDeltaBytes                        = 1048576                                   {product} {ergonomic}
   size_t MinHeapSize                              = 8388608                                   {product} {ergonomic}
    uintx NonNMethodCodeHeapSize                   = 5832780                                {pd product} {ergonomic}
    uintx NonProfiledCodeHeapSize                  = 122912730                              {pd product} {ergonomic}
    uintx ProfiledCodeHeapSize                     = 122912730                              {pd product} {ergonomic}
    uintx ReservedCodeCacheSize                    = 251658240                              {pd product} {ergonomic}
     bool SegmentedCodeCache                       = true                                      {product} {ergonomic}
     bool ShowCodeDetailsInExceptionMessages       = true                                   {manageable} {command line}
   size_t SoftMaxHeapSize                          = 2126512128                             {manageable} {ergonomic}
     bool UseCompressedClassPointers               = true                           {product lp64_product} {ergonomic}
     bool UseCompressedOops                        = true                           {product lp64_product} {ergonomic}
     bool UseG1GC                                  = true                                      {product} {ergonomic}
     bool UseLargePagesIndividualAllocation        = false                                  {pd product} {ergonomic}

Logging:
Log output configuration:
 #0: stdout all=warning uptime,level,tags
 #1: stderr all=off uptime,level,tags

Environment Variables:
JAVA_HOME=C:\Program Files\Amazon Corretto\jdk17.0.7_7
PATH=C:/Program Files/Amazon Corretto/jdk17.0.7_7/bin/server;C:/Program Files/Amazon Corretto/jdk17.0.7_7/bin;C:\Program Files\Amazon Corretto\jdk17.0.7_7\bin;C:\Windows\system32;C:\Windows;C:\Windows\System32\Wbem;C:\Windows\System32\WindowsPowerShell\v1.0\;C:\Windows\System32\OpenSSH\;C:\Program Files\Bandizip\;C:\Users\user\AppData\Local\Microsoft\WindowsApps;;C:\Users\user\AppData\Local\Programs\Microsoft VS Code\bin;C:\Users\user\Desktop;
USERNAME=user
OS=Windows_NT
PROCESSOR_IDENTIFIER=Intel64 Family 6 Model 60 Stepping 3, GenuineIntel
TMP=C:\Users\user\AppData\Local\Temp
TEMP=C:\Users\user\AppData\Local\Temp



---------------  S Y S T E M  ---------------

OS:
 Windows 10 , 64 bit Build 19041 (10.0.19041.3031)
OS uptime: 3 days 9:36 hours

CPU: total 4 (initial active 4) (4 cores per cpu, 1 threads per core) family 6 model 60 stepping 3 microcode 0x27, cx8, cmov, fxsr, mmx, sse, sse2, sse3, ssse3, sse4.1, sse4.2, popcnt, lzcnt, tsc, tscinvbit, avx, avx2, aes, erms, clmul, bmi1, bmi2, fma, vzeroupper, clflush

Memory: 4k page, system-wide physical 8111M (3243M free)
TotalPageFile size 22317M (AvailPageFile size 52M)
current process WorkingSet (physical memory assigned to process): 10M, peak: 10M
current process commit charge ("private bytes"): 51M, peak: 179M

vm_info: OpenJDK 64-Bit Server VM (17.0.7+7-LTS) for windows-amd64 JRE (17.0.7+7-LTS), built on Apr 14 2023 01:39:21 by "Administrator" with MS VC++ 15.9 (VS2017)

END.
